<?xml version="1.0" encoding="UTF-8"?>
<!-- Generated by org.testng.reporters.JUnitReportReporter -->
<testsuite hostname="agropecuario" failures="0" tests="1" name="WikipediaTest08" time="17.181" errors="0" timestamp="2025-03-05T12:05:27 CET" skipped="0">
  <testcase classname="WikipediaTest08" name="testHighlightElementsOnGaliciaPage" time="17.181"/>
</testsuite> <!-- WikipediaTest08 -->
