<?xml version="1.0" encoding="UTF-8"?>
<!-- Generated by org.testng.reporters.JUnitReportReporter -->
<testsuite hostname="agropecuario" failures="0" tests="1" name="WikipediaTest09" time="14.239" errors="0" timestamp="2025-03-05T12:05:27 CET" skipped="0">
  <testcase classname="WikipediaTest09" name="testHighlightElementsOnAsturiasPage" time="14.239"/>
</testsuite> <!-- WikipediaTest09 -->
