<?xml version="1.0" encoding="UTF-8"?>
<!-- Generated by org.testng.reporters.JUnitReportReporter -->
<testsuite hostname="agropecuario" failures="0" tests="1" name="WikipediaTest04" time="14.454" errors="0" timestamp="2025-03-05T12:05:27 CET" skipped="0">
  <testcase classname="WikipediaTest04" name="testHighlightElementsOnPyreneesPage" time="14.454"/>
</testsuite> <!-- WikipediaTest04 -->
