<?xml version="1.0" encoding="UTF-8"?>
<!-- Generated by org.testng.reporters.JUnitReportReporter -->
<testsuite hostname="agropecuario" failures="0" tests="1" name="WikipediaTest03" time="13.938" errors="0" timestamp="2025-03-05T12:05:27 CET" skipped="0">
  <testcase classname="WikipediaTest03" name="testHighlightElementsOnMontargilPage" time="13.938"/>
</testsuite> <!-- WikipediaTest03 -->
